[INFO ] 19-03-2021 09:12:14.002 TC_LoginTest_001 - ****Starting this testcase****
[INFO ] 19-03-2021 09:12:22.062 TC_LoginTest_001 - ****Providing login details****
[INFO ] 19-03-2021 09:12:27.736 TC_LoginTest_001 - ****Validating login****
[INFO ] 19-03-2021 09:12:27.744 TC_LoginTest_001 - ****Login is successful****
[INFO ] 19-03-2021 09:14:26.969 TC_LoginTest_001 - ****Starting this testcase****
[INFO ] 19-03-2021 09:14:29.903 TC_LoginTest_001 - ****Providing login details****
[INFO ] 19-03-2021 09:14:35.586 TC_LoginTest_001 - ****Validating login ****
[INFO ] 19-03-2021 09:14:35.603 TC_LoginTest_001 - ****Login is successful****
[INFO ] 19-03-2021 10:16:54.094 TC_LoginTest_001 - ****Starting this testcase****
[INFO ] 19-03-2021 10:16:59.027 TC_LoginTest_001 - ****Providing login details****
[INFO ] 19-03-2021 10:17:01.679 TC_LoginTest_001 - ****Starting this testcase****
[INFO ] 19-03-2021 10:17:06.554 TC_LoginTest_001 - ****Providing login details****
[INFO ] 19-03-2021 10:17:07.201 TC_LoginTest_001 - ****Validating login ****
[INFO ] 19-03-2021 10:17:07.214 TC_LoginTest_001 - ****Login is successful****
[INFO ] 19-03-2021 10:17:15.949 TC_LoginTest_001 - ****Validating login ****
[INFO ] 19-03-2021 10:17:15.959 TC_LoginTest_001 - ****Login is successful****
[INFO ] 20-03-2021 10:08:48.051 TC_LoginTest_001 - ****Starting this testcase****
[INFO ] 20-03-2021 10:08:52.343 TC_LoginTest_001 - ****Providing login details****
[INFO ] 20-03-2021 10:08:59.600 TC_LoginTest_001 - ****Validating login ****
[ERROR] 20-03-2021 10:08:59.615 TC_LoginTest_001 - ****Login is unsuccessful****
[INFO ] 20-03-2021 10:14:41.747 TC_LoginTest_001 - ****Starting this testcase****
[INFO ] 20-03-2021 10:14:46.958 TC_LoginTest_001 - ****Providing login details****
[INFO ] 20-03-2021 10:14:53.317 TC_LoginTest_001 - ****Validating login ****
[ERROR] 20-03-2021 10:14:53.332 TC_LoginTest_001 - ****Login is unsuccessful****
[INFO ] 20-03-2021 10:19:25.919 TC_LoginTest_001 - ****Starting this testcase****
[INFO ] 20-03-2021 10:19:31.025 TC_LoginTest_001 - ****Providing login details****
[INFO ] 20-03-2021 10:19:37.298 TC_LoginTest_001 - ****Validating login ****
[ERROR] 20-03-2021 10:19:37.315 TC_LoginTest_001 - ****Login is unsuccessful****
[INFO ] 20-03-2021 10:21:28.132 TC_LoginTest_001 - ****Starting this testcase****
[INFO ] 20-03-2021 10:21:33.400 TC_LoginTest_001 - ****Providing login details****
[INFO ] 20-03-2021 10:21:39.316 TC_LoginTest_001 - ****Validating login ****
[ERROR] 20-03-2021 10:21:39.332 TC_LoginTest_001 - ****Login is unsuccessful****
[INFO ] 20-03-2021 11:18:43.399 TC_LoginTest_001 - ****Starting this testcase****
[INFO ] 20-03-2021 11:18:47.480 TC_LoginTest_001 - ****Providing login details****
[INFO ] 20-03-2021 11:18:53.297 TC_LoginTest_001 - ****Validating login ****
[ERROR] 20-03-2021 11:18:53.314 TC_LoginTest_001 - ****Login is unsuccessful****
[INFO ] 20-03-2021 11:26:18.213 TC_LoginTest_001 - ****Starting this testcase****
[INFO ] 20-03-2021 11:26:22.385 TC_LoginTest_001 - ****Providing login details****
[INFO ] 20-03-2021 11:26:30.043 TC_LoginTest_001 - ****Validating login ****
[ERROR] 20-03-2021 11:26:30.055 TC_LoginTest_001 - ****Login is unsuccessful****
[INFO ] 20-03-2021 11:28:07.557 TC_LoginTest_001 - ****Starting this testcase****
[INFO ] 20-03-2021 11:28:12.684 TC_LoginTest_001 - ****Providing login details****
[INFO ] 20-03-2021 11:28:18.629 TC_LoginTest_001 - ****Validating login ****
[ERROR] 20-03-2021 11:28:18.657 TC_LoginTest_001 - ****Login is unsuccessful****
[INFO ] 20-03-2021 11:30:29.568 TC_LoginTest_001 - ****Starting this testcase****
[INFO ] 20-03-2021 11:30:56.505 TC_LoginTest_001 - ****Providing login details****
[INFO ] 20-03-2021 11:31:12.055 TC_LoginTest_001 - ****Validating login ****
[ERROR] 20-03-2021 11:31:12.076 TC_LoginTest_001 - ****Login is unsuccessful****
[INFO ] 20-03-2021 11:31:17.634 TC_LoginDDT_002 - ********starting TC_LoginDDT_00**********
[INFO ] 20-03-2021 11:31:34.311 TC_LoginDDT_002 - ********* Finished  TC_LoginDDT_002 *************
[INFO ] 20-03-2021 11:31:34.322 TC_LoginDDT_002 - ********starting TC_LoginDDT_00**********
[INFO ] 20-03-2021 11:31:47.478 TC_LoginDDT_002 - ********starting TC_LoginDDT_00**********
[INFO ] 20-03-2021 11:31:59.917 TC_LoginDDT_002 - ********starting TC_LoginDDT_00**********
[INFO ] 20-03-2021 11:40:48.707 TC_LoginTest_001 - ****Starting this testcase****
[INFO ] 20-03-2021 11:40:52.845 TC_LoginTest_001 - ****Providing login details****
[INFO ] 20-03-2021 11:41:00.654 TC_LoginTest_001 - ****Validating login ****
[ERROR] 20-03-2021 11:41:00.672 TC_LoginTest_001 - ****Login is unsuccessful****
[INFO ] 20-03-2021 11:41:05.860 TC_LoginDDT_002 - ********starting TC_LoginDDT_002**********
[INFO ] 20-03-2021 11:41:20.919 TC_LoginDDT_002 - **********LoginTest Passed**********
[INFO ] 20-03-2021 11:41:25.929 TC_LoginDDT_002 - ********* Finished  TC_LoginDDT_002 *************
[INFO ] 20-03-2021 11:41:25.935 TC_LoginDDT_002 - ********starting TC_LoginDDT_002**********
[WARN ] 20-03-2021 11:41:33.428 TC_LoginDDT_002 - **********LoginTest Failed**********
[INFO ] 20-03-2021 11:41:33.435 TC_LoginDDT_002 - ********starting TC_LoginDDT_002**********
[WARN ] 20-03-2021 11:41:41.579 TC_LoginDDT_002 - **********LoginTest Failed**********
[INFO ] 20-03-2021 11:41:41.587 TC_LoginDDT_002 - ********starting TC_LoginDDT_002**********
[WARN ] 20-03-2021 11:41:49.210 TC_LoginDDT_002 - **********LoginTest Failed**********
[INFO ] 20-03-2021 11:50:55.080 TC_LoginTest_001 - ****Starting this testcase****
[INFO ] 20-03-2021 11:50:59.971 TC_LoginTest_001 - ****Providing login details****
[INFO ] 20-03-2021 11:51:08.461 TC_LoginTest_001 - ****Validating login ****
[ERROR] 20-03-2021 11:51:08.472 TC_LoginTest_001 - ****Login is unsuccessful****
[INFO ] 20-03-2021 11:51:13.686 TC_LoginDDT_002 - ********starting TC_LoginDDT_002**********
[INFO ] 20-03-2021 11:51:24.885 TC_LoginDDT_002 - **********LoginTest Passed**********
[INFO ] 20-03-2021 11:51:30.161 TC_LoginDDT_002 - ********* Finished  TC_LoginDDT_002 *************
[INFO ] 20-03-2021 11:51:30.165 TC_LoginDDT_002 - ********starting TC_LoginDDT_002**********
[WARN ] 20-03-2021 11:51:37.916 TC_LoginDDT_002 - **********LoginTest Failed**********
[INFO ] 20-03-2021 11:51:47.972 TC_LoginDDT_002 - ********starting TC_LoginDDT_002**********
[WARN ] 20-03-2021 11:51:55.410 TC_LoginDDT_002 - **********LoginTest Failed**********
[INFO ] 20-03-2021 11:52:05.491 TC_LoginDDT_002 - ********starting TC_LoginDDT_002**********
[WARN ] 20-03-2021 11:52:13.163 TC_LoginDDT_002 - **********LoginTest Failed**********
[INFO ] 21-03-2021 12:08:19.974 TC_LoginTest_001 - ****Starting this testcase****
[INFO ] 21-03-2021 12:08:25.929 TC_LoginTest_001 - ****Providing login details****
[INFO ] 21-03-2021 12:08:33.108 TC_LoginTest_001 - ****Validating login ****
[ERROR] 21-03-2021 12:08:33.118 TC_LoginTest_001 - ****Login is unsuccessful****
[INFO ] 21-03-2021 12:13:14.273 TC_LoginTest_001 - ****Starting this testcase****
[INFO ] 21-03-2021 12:13:19.075 TC_LoginTest_001 - ****Providing login details****
[INFO ] 21-03-2021 12:13:26.396 TC_LoginTest_001 - ****Validating login ****
[ERROR] 21-03-2021 12:13:26.422 TC_LoginTest_001 - ****Login is unsuccessful****
[INFO ] 22-03-2021 02:15:15.732 TC_LoginDDT_002 - ********starting TC_LoginDDT_002**********
[INFO ] 22-03-2021 02:15:36.084 TC_LoginDDT_002 - **********LoginTest Passed**********
[INFO ] 22-03-2021 02:15:42.160 TC_LoginDDT_002 - ********* Finished  TC_LoginDDT_002 *************
[INFO ] 22-03-2021 02:15:42.203 TC_LoginDDT_002 - ********starting TC_LoginDDT_002**********
[WARN ] 22-03-2021 02:15:49.372 TC_LoginDDT_002 - **********LoginTest Failed**********
[INFO ] 22-03-2021 02:15:56.766 TC_LoginDDT_002 - ********starting TC_LoginDDT_002**********
[INFO ] 22-03-2021 02:15:56.824 TC_LoginDDT_002 - ********starting TC_LoginDDT_002**********
[INFO ] 22-03-2021 02:16:01.384 TC_AddCustomerTest_003 - ********* starting TC_AddCustomerTest_003 *************
[INFO ] 22-03-2021 02:17:01.197 TC_AddCustomerTest_003 - ********* starting TC_AddCustomerTest_003 *************
[INFO ] 22-03-2021 02:17:34.995 TC_AddCustomerTest_003 - ********* starting TC_AddCustomerTest_003 *************
[INFO ] 22-03-2021 10:46:28.365 TC_AddCustomerTest_003 - ********* starting TC_AddCustomerTest_003 *************
[INFO ] 22-03-2021 10:47:47.046 TC_AddCustomerTest_003 - ********* starting TC_AddCustomerTest_003 *************
[INFO ] 24-03-2021 02:54:02.854 TC_AddCustomerTest_003 - ********* starting TC_AddCustomerTest_003 *************
[INFO ] 28-03-2021 04:18:45.572 TC_AddCustomerTest_003 - ********* starting TC_AddCustomerTest_003 *************
[INFO ] 28-03-2021 04:21:33.532 TC_AddCustomerTest_003 - ********* starting TC_AddCustomerTest_003 *************
[INFO ] 28-03-2021 04:21:51.877 TC_AddCustomerTest_003 - *********Adding new customer *************
[INFO ] 28-03-2021 04:25:02.110 TC_AddCustomerTest_003 - ********* starting TC_AddCustomerTest_003 *************
[INFO ] 28-03-2021 04:25:13.285 TC_AddCustomerTest_003 - *********Adding new customer *************
[INFO ] 28-03-2021 04:28:17.784 TC_AddCustomerTest_003 - ********* starting TC_AddCustomerTest_003 *************
[INFO ] 28-03-2021 04:28:34.743 TC_AddCustomerTest_003 - *********Adding new customer *************
[INFO ] 28-03-2021 04:33:41.011 TC_AddCustomerTest_003 - ********* starting TC_AddCustomerTest_003 *************
[INFO ] 28-03-2021 04:34:01.467 TC_AddCustomerTest_003 - *********Adding new customer *************
[INFO ] 28-03-2021 04:36:06.926 TC_AddCustomerTest_003 - ********* starting TC_AddCustomerTest_003 *************
[INFO ] 28-03-2021 04:36:21.949 TC_AddCustomerTest_003 - *********Adding new customer *************
[INFO ] 28-03-2021 04:36:36.417 TC_AddCustomerTest_003 - ***************  Customer added succesfully *********** 
[INFO ] 28-03-2021 04:36:36.420 TC_AddCustomerTest_003 - ***************   TC_AddCustomerTest_003 Finished  *********** 
[INFO ] 28-03-2021 04:40:14.052 TC_AddCustomerTest_003 - ********* starting TC_AddCustomerTest_003 *************
[INFO ] 28-03-2021 04:40:28.738 TC_AddCustomerTest_003 - *********Adding new customer *************
[INFO ] 28-03-2021 04:42:02.336 TC_AddCustomerTest_003 - ********* starting TC_AddCustomerTest_003 *************
[INFO ] 28-03-2021 04:42:12.780 TC_AddCustomerTest_003 - *********Adding new customer *************
[INFO ] 28-03-2021 04:42:39.014 TC_AddCustomerTest_003 - ********* starting TC_AddCustomerTest_003 *************
[INFO ] 28-03-2021 04:42:56.969 TC_AddCustomerTest_003 - *********Adding new customer *************
[INFO ] 28-03-2021 04:43:17.617 TC_AddCustomerTest_003 - ***************  Customer added succesfully *********** 
[INFO ] 28-03-2021 04:43:17.621 TC_AddCustomerTest_003 - ***************   TC_AddCustomerTest_003 Finished  *********** 
[INFO ] 30-03-2021 04:30:00.792 TC_AddCustomerTest_003 - ********* starting TC_AddCustomerTest_003 *************
[INFO ] 30-03-2021 04:30:02.401 TC_AddCustomerTest_003 - ********* starting TC_AddCustomerTest_003 *************
[INFO ] 30-03-2021 04:30:11.250 TC_AddCustomerTest_003 - *********Adding new customer *************
[INFO ] 30-03-2021 04:30:12.428 TC_AddCustomerTest_003 - *********Adding new customer *************
[INFO ] 30-03-2021 04:51:31.108 TC_AddCustomerTest_003 - ********* starting TC_AddCustomerTest_003 *************
[INFO ] 30-03-2021 04:51:51.859 TC_AddCustomerTest_003 - *********Adding new customer *************
[INFO ] 30-03-2021 04:52:09.642 TC_AddCustomerTest_003 - ***************  Customer added succesfully *********** 
[INFO ] 30-03-2021 04:52:09.646 TC_AddCustomerTest_003 - ***************   TC_AddCustomerTest_003 Finished  *********** 
[INFO ] 30-03-2021 05:57:05.155 TC_AddCustomerTest_003 - ********* starting TC_AddCustomerTest_003 *************
[INFO ] 30-03-2021 05:57:22.446 TC_AddCustomerTest_003 - *********Adding new customer *************
[INFO ] 30-03-2021 05:57:38.521 TC_AddCustomerTest_003 - ***************  Customer added succesfully *********** 
[INFO ] 30-03-2021 05:57:38.524 TC_AddCustomerTest_003 - ***************   TC_AddCustomerTest_003 Finished  *********** 
[INFO ] 30-03-2021 05:58:36.122 TC_AddCustomerTest_003 - ********* starting TC_AddCustomerTest_003 *************
